Started by user admin
Running as SYSTEM
Building in workspace /var/jenkins_home/workspace/eCommerce
The recommended git tool is: NONE
using credential a5223efe-e555-44a7-bce1-56ee1945f380
 > git rev-parse --is-inside-work-tree # timeout=10
Fetching changes from the remote Git repository
 > git config remote.origin.url git@github.com:thamizhselviC/eCommerce.git # timeout=10
Fetching upstream changes from git@github.com:thamizhselviC/eCommerce.git
 > git --version # timeout=10
 > git --version # 'git version 2.26.2'
using GIT_SSH to set credentials 
 > git fetch --tags --force --progress -- git@github.com:thamizhselviC/eCommerce.git +refs/heads/*:refs/remotes/origin/* # timeout=10
 > git rev-parse 3fb01be^{commit} # timeout=10
Checking out Revision 3fb01be18f4bdad8bb0d17b1492dba68e74da9de (detached)
 > git config core.sparsecheckout # timeout=10
 > git checkout -f 3fb01be18f4bdad8bb0d17b1492dba68e74da9de # timeout=10
Commit message: "Add files via upload"
 > git rev-list --no-walk 3fb01be18f4bdad8bb0d17b1492dba68e74da9de # timeout=10
[eCommerce] $ mvn -f starter_code/pom.xml package
[INFO] Scanning for projects...
[INFO] 
[INFO] ----------------------< com.example:auth-course >-----------------------
[INFO] Building auth-course 0.0.1-SNAPSHOT
[INFO] --------------------------------[ jar ]---------------------------------
[INFO] 
[INFO] --- maven-resources-plugin:3.1.0:resources (default-resources) @ auth-course ---
[INFO] Using 'UTF-8' encoding to copy filtered resources.
[INFO] Copying 1 resource
[INFO] Copying 2 resources
[INFO] 
[INFO] --- maven-compiler-plugin:3.8.1:compile (default-compile) @ auth-course ---
[INFO] Nothing to compile - all classes are up to date
[INFO] 
[INFO] --- maven-resources-plugin:3.1.0:testResources (default-testResources) @ auth-course ---
[INFO] Using 'UTF-8' encoding to copy filtered resources.
[INFO] skip non existing resourceDirectory /var/jenkins_home/workspace/eCommerce/starter_code/src/test/resources
[INFO] 
[INFO] --- maven-compiler-plugin:3.8.1:testCompile (default-testCompile) @ auth-course ---
[INFO] Nothing to compile - all classes are up to date
[INFO] 
[INFO] --- maven-surefire-plugin:2.22.2:test (default-test) @ auth-course ---
[INFO] 
[INFO] -------------------------------------------------------
[INFO]  T E S T S
[INFO] -------------------------------------------------------
[INFO] Running com.example.demo.controllers.CartControllerTest
2021-01-08 23:26:19 ERROR CartController:43 - User not found.Incorrect/Unregistered username:
2021-01-08 23:26:20 INFO  CartController:55 - Item added to the cart. Item Id:1
2021-01-08 23:26:20 INFO  CartController:75 - Item added to the cart. Item Id:1
[INFO] Tests run: 3, Failures: 0, Errors: 0, Skipped: 0, Time elapsed: 1.271 s - in com.example.demo.controllers.CartControllerTest
[INFO] Running com.example.demo.controllers.ItemControllerTest
2021-01-08 23:26:20 INFO  ItemController:54 - Item found.Item name:item
2021-01-08 23:26:20 INFO  ItemController:29 - All the registered items are listed.
2021-01-08 23:26:20 ERROR ItemController:50 - Item not found.Incorrect/Unregistered item name:item
[INFO] Tests run: 3, Failures: 0, Errors: 0, Skipped: 0, Time elapsed: 0.007 s - in com.example.demo.controllers.ItemControllerTest
[INFO] Running com.example.demo.controllers.OrderControllerTest
2021-01-08 23:26:20 INFO  OrderController:44 - Order submitted successfully for the username:admin
2021-01-08 23:26:20 ERROR OrderController:39 - User not found.Incorrect/Unregistered username:admin
2021-01-08 23:26:20 INFO  OrderController:55 - Order history generated for the username:admin
[INFO] Tests run: 3, Failures: 0, Errors: 0, Skipped: 0, Time elapsed: 0.074 s - in com.example.demo.controllers.OrderControllerTest
[INFO] Running com.example.demo.controllers.UserControllerTest
2021-01-08 23:26:20 ERROR UserController:58 - User not found.Incorrect/Not registered username:localUser
2021-01-08 23:26:20 INFO  UserController:71 - Assigned Username: 
2021-01-08 23:26:20 INFO  UserController:84 - Create user request succeeded.admin
2021-01-08 23:26:20 INFO  UserController:62 - User found. Username:testUser
[INFO] Tests run: 3, Failures: 0, Errors: 0, Skipped: 0, Time elapsed: 0.088 s - in com.example.demo.controllers.UserControllerTest
[INFO] 
[INFO] Results:
[INFO] 
[INFO] Tests run: 12, Failures: 0, Errors: 0, Skipped: 0
[INFO] 
[INFO] 
[INFO] --- maven-jar-plugin:3.1.1:jar (default-jar) @ auth-course ---
[INFO] Building jar: /var/jenkins_home/workspace/eCommerce/starter_code/target/auth-course-0.0.1-SNAPSHOT.jar
[INFO] 
[INFO] --- spring-boot-maven-plugin:2.1.5.RELEASE:repackage (repackage) @ auth-course ---
[INFO] Replacing main artifact with repackaged archive
[INFO] ------------------------------------------------------------------------
[INFO] BUILD SUCCESS
[INFO] ------------------------------------------------------------------------
[INFO] Total time:  7.701 s
[INFO] Finished at: 2021-01-08T23:26:22Z
[INFO] ------------------------------------------------------------------------
Finished: SUCCESS
